{"/Users/thanhngo/Documents/StartUp/mac-dev-cleaner-cli/frontend/src/components/clean-dialog.tsx": {"path":"/Users/thanhngo/Documents/StartUp/mac-dev-cleaner-cli/frontend/src/components/clean-dialog.tsx","statementMap":{"0":{"start":{"line":33,"column":26},"end":{"line":33,"column":null}},"1":{"start":{"line":34,"column":32},"end":{"line":34,"column":null}},"2":{"start":{"line":35,"column":30},"end":{"line":35,"column":null}},"3":{"start":{"line":36,"column":26},"end":{"line":36,"column":null}},"4":{"start":{"line":39,"column":22},"end":{"line":39,"column":null}},"5":{"start":{"line":39,"column":58},"end":{"line":39,"column":75}},"6":{"start":{"line":40,"column":25},"end":{"line":40,"column":null}},"7":{"start":{"line":40,"column":45},"end":{"line":40,"column":54}},"8":{"start":{"line":41,"column":22},"end":{"line":41,"column":null}},"9":{"start":{"line":41,"column":42},"end":{"line":41,"column":52}},"10":{"start":{"line":42,"column":23},"end":{"line":42,"column":null}},"11":{"start":{"line":42,"column":43},"end":{"line":42,"column":52}},"12":{"start":{"line":42,"column":73},"end":{"line":42,"column":87}},"13":{"start":{"line":45,"column":4},"end":{"line":67,"column":null}},"14":{"start":{"line":46,"column":8},"end":{"line":66,"column":null}},"15":{"start":{"line":48,"column":12},"end":{"line":61,"column":null}},"16":{"start":{"line":49,"column":38},"end":{"line":49,"column":null}},"17":{"start":{"line":51,"column":16},"end":{"line":57,"column":null}},"18":{"start":{"line":53,"column":20},"end":{"line":53,"column":null}},"19":{"start":{"line":54,"column":20},"end":{"line":54,"column":null}},"20":{"start":{"line":56,"column":20},"end":{"line":56,"column":null}},"21":{"start":{"line":59,"column":16},"end":{"line":59,"column":null}},"22":{"start":{"line":60,"column":16},"end":{"line":60,"column":null}},"23":{"start":{"line":63,"column":12},"end":{"line":63,"column":null}},"24":{"start":{"line":64,"column":12},"end":{"line":64,"column":null}},"25":{"start":{"line":65,"column":12},"end":{"line":65,"column":null}},"26":{"start":{"line":70,"column":4},"end":{"line":109,"column":null}},"27":{"start":{"line":71,"column":8},"end":{"line":71,"column":null}},"28":{"start":{"line":71,"column":19},"end":{"line":71,"column":null}},"29":{"start":{"line":73,"column":8},"end":{"line":78,"column":null}},"30":{"start":{"line":74,"column":12},"end":{"line":74,"column":null}},"31":{"start":{"line":76,"column":12},"end":{"line":76,"column":null}},"32":{"start":{"line":76,"column":26},"end":{"line":76,"column":76}},"33":{"start":{"line":77,"column":12},"end":{"line":77,"column":null}},"34":{"start":{"line":80,"column":8},"end":{"line":85,"column":null}},"35":{"start":{"line":81,"column":12},"end":{"line":81,"column":null}},"36":{"start":{"line":82,"column":12},"end":{"line":84,"column":null}},"37":{"start":{"line":83,"column":16},"end":{"line":83,"column":null}},"38":{"start":{"line":87,"column":8},"end":{"line":95,"column":null}},"39":{"start":{"line":88,"column":12},"end":{"line":88,"column":null}},"40":{"start":{"line":89,"column":12},"end":{"line":89,"column":null}},"41":{"start":{"line":90,"column":12},"end":{"line":90,"column":null}},"42":{"start":{"line":91,"column":12},"end":{"line":93,"column":null}},"43":{"start":{"line":92,"column":16},"end":{"line":92,"column":null}},"44":{"start":{"line":94,"column":12},"end":{"line":94,"column":null}},"45":{"start":{"line":97,"column":8},"end":{"line":101,"column":null}},"46":{"start":{"line":98,"column":12},"end":{"line":98,"column":null}},"47":{"start":{"line":99,"column":12},"end":{"line":99,"column":null}},"48":{"start":{"line":100,"column":12},"end":{"line":100,"column":null}},"49":{"start":{"line":103,"column":8},"end":{"line":108,"column":null}},"50":{"start":{"line":104,"column":12},"end":{"line":104,"column":null}},"51":{"start":{"line":105,"column":12},"end":{"line":105,"column":null}},"52":{"start":{"line":106,"column":12},"end":{"line":106,"column":null}},"53":{"start":{"line":107,"column":12},"end":{"line":107,"column":null}},"54":{"start":{"line":111,"column":24},"end":{"line":126,"column":null}},"55":{"start":{"line":112,"column":8},"end":{"line":112,"column":null}},"56":{"start":{"line":112,"column":24},"end":{"line":112,"column":null}},"57":{"start":{"line":113,"column":8},"end":{"line":113,"column":null}},"58":{"start":{"line":115,"column":8},"end":{"line":125,"column":null}},"59":{"start":{"line":116,"column":33},"end":{"line":116,"column":null}},"60":{"start":{"line":117,"column":12},"end":{"line":117,"column":null}},"61":{"start":{"line":118,"column":12},"end":{"line":118,"column":null}},"62":{"start":{"line":119,"column":12},"end":{"line":119,"column":null}},"63":{"start":{"line":120,"column":12},"end":{"line":120,"column":null}},"64":{"start":{"line":122,"column":12},"end":{"line":122,"column":null}},"65":{"start":{"line":123,"column":12},"end":{"line":123,"column":null}},"66":{"start":{"line":124,"column":12},"end":{"line":124,"column":null}},"67":{"start":{"line":128,"column":24},"end":{"line":132,"column":null}},"68":{"start":{"line":129,"column":8},"end":{"line":131,"column":null}},"69":{"start":{"line":130,"column":12},"end":{"line":130,"column":null}},"70":{"start":{"line":134,"column":4},"end":{"line":277,"column":null}},"71":{"start":{"line":223,"column":40},"end":{"line":238,"column":null}},"72":{"start":{"line":259,"column":73},"end":{"line":259,"column":93}}},"fnMap":{"0":{"name":"CleanDialog","decl":{"start":{"line":27,"column":16},"end":{"line":27,"column":28}},"loc":{"start":{"line":32,"column":21},"end":{"line":279,"column":null}},"line":32},"1":{"name":"(anonymous_1)","decl":{"start":{"line":39,"column":43},"end":{"line":39,"column":44}},"loc":{"start":{"line":39,"column":58},"end":{"line":39,"column":75}},"line":39},"2":{"name":"(anonymous_2)","decl":{"start":{"line":40,"column":40},"end":{"line":40,"column":45}},"loc":{"start":{"line":40,"column":45},"end":{"line":40,"column":54}},"line":40},"3":{"name":"(anonymous_3)","decl":{"start":{"line":41,"column":37},"end":{"line":41,"column":42}},"loc":{"start":{"line":41,"column":42},"end":{"line":41,"column":52}},"line":41},"4":{"name":"(anonymous_4)","decl":{"start":{"line":42,"column":38},"end":{"line":42,"column":43}},"loc":{"start":{"line":42,"column":43},"end":{"line":42,"column":52}},"line":42},"5":{"name":"(anonymous_5)","decl":{"start":{"line":42,"column":61},"end":{"line":42,"column":62}},"loc":{"start":{"line":42,"column":73},"end":{"line":42,"column":87}},"line":42},"6":{"name":"(anonymous_6)","decl":{"start":{"line":45,"column":14},"end":{"line":45,"column":20}},"loc":{"start":{"line":45,"column":20},"end":{"line":67,"column":7}},"line":45},"7":{"name":"(anonymous_7)","decl":{"start":{"line":48,"column":31},"end":{"line":48,"column":43}},"loc":{"start":{"line":48,"column":43},"end":{"line":58,"column":13}},"line":48},"8":{"name":"(anonymous_8)","decl":{"start":{"line":58,"column":21},"end":{"line":58,"column":28}},"loc":{"start":{"line":58,"column":28},"end":{"line":61,"column":13}},"line":58},"9":{"name":"(anonymous_9)","decl":{"start":{"line":70,"column":14},"end":{"line":70,"column":20}},"loc":{"start":{"line":70,"column":20},"end":{"line":109,"column":7}},"line":70},"10":{"name":"(anonymous_10)","decl":{"start":{"line":73,"column":34},"end":{"line":73,"column":40}},"loc":{"start":{"line":73,"column":40},"end":{"line":78,"column":9}},"line":73},"11":{"name":"(anonymous_11)","decl":{"start":{"line":76,"column":21},"end":{"line":76,"column":26}},"loc":{"start":{"line":76,"column":26},"end":{"line":76,"column":76}},"line":76},"12":{"name":"(anonymous_12)","decl":{"start":{"line":80,"column":35},"end":{"line":80,"column":36}},"loc":{"start":{"line":80,"column":50},"end":{"line":85,"column":9}},"line":80},"13":{"name":"(anonymous_13)","decl":{"start":{"line":87,"column":35},"end":{"line":87,"column":36}},"loc":{"start":{"line":87,"column":50},"end":{"line":95,"column":9}},"line":87},"14":{"name":"(anonymous_14)","decl":{"start":{"line":97,"column":32},"end":{"line":97,"column":33}},"loc":{"start":{"line":97,"column":54},"end":{"line":101,"column":9}},"line":97},"15":{"name":"(anonymous_15)","decl":{"start":{"line":103,"column":15},"end":{"line":103,"column":21}},"loc":{"start":{"line":103,"column":21},"end":{"line":108,"column":null}},"line":103},"16":{"name":"(anonymous_16)","decl":{"start":{"line":111,"column":24},"end":{"line":111,"column":31}},"loc":{"start":{"line":111,"column":53},"end":{"line":126,"column":null}},"line":111},"17":{"name":"(anonymous_17)","decl":{"start":{"line":128,"column":24},"end":{"line":128,"column":30}},"loc":{"start":{"line":128,"column":30},"end":{"line":132,"column":null}},"line":128},"18":{"name":"(anonymous_18)","decl":{"start":{"line":222,"column":49},"end":{"line":222,"column":50}},"loc":{"start":{"line":223,"column":40},"end":{"line":238,"column":null}},"line":223},"19":{"name":"(anonymous_19)","decl":{"start":{"line":259,"column":67},"end":{"line":259,"column":73}},"loc":{"start":{"line":259,"column":73},"end":{"line":259,"column":93}},"line":259}},"branchMap":{"0":{"loc":{"start":{"line":46,"column":8},"end":{"line":66,"column":null}},"type":"if","locations":[{"start":{"line":46,"column":8},"end":{"line":66,"column":null}},{"start":{},"end":{}}],"line":46},"1":{"loc":{"start":{"line":51,"column":16},"end":{"line":57,"column":null}},"type":"if","locations":[{"start":{"line":51,"column":16},"end":{"line":57,"column":null}},{"start":{"line":55,"column":23},"end":{"line":57,"column":null}}],"line":51},"2":{"loc":{"start":{"line":71,"column":8},"end":{"line":71,"column":null}},"type":"if","locations":[{"start":{"line":71,"column":8},"end":{"line":71,"column":null}},{"start":{},"end":{}}],"line":71},"3":{"loc":{"start":{"line":76,"column":26},"end":{"line":76,"column":76}},"type":"cond-expr","locations":[{"start":{"line":76,"column":62},"end":{"line":76,"column":66}},{"start":{"line":76,"column":66},"end":{"line":76,"column":76}}],"line":76},"4":{"loc":{"start":{"line":76,"column":26},"end":{"line":76,"column":62}},"type":"binary-expr","locations":[{"start":{"line":76,"column":26},"end":{"line":76,"column":46}},{"start":{"line":76,"column":46},"end":{"line":76,"column":62}}],"line":76},"5":{"loc":{"start":{"line":82,"column":12},"end":{"line":84,"column":null}},"type":"if","locations":[{"start":{"line":82,"column":12},"end":{"line":84,"column":null}},{"start":{},"end":{}}],"line":82},"6":{"loc":{"start":{"line":82,"column":16},"end":{"line":82,"column":59}},"type":"binary-expr","locations":[{"start":{"line":82,"column":16},"end":{"line":82,"column":24}},{"start":{"line":82,"column":24},"end":{"line":82,"column":59}}],"line":82},"7":{"loc":{"start":{"line":91,"column":12},"end":{"line":93,"column":null}},"type":"if","locations":[{"start":{"line":91,"column":12},"end":{"line":93,"column":null}},{"start":{},"end":{}}],"line":91},"8":{"loc":{"start":{"line":111,"column":31},"end":{"line":111,"column":53}},"type":"default-arg","locations":[{"start":{"line":111,"column":43},"end":{"line":111,"column":53}}],"line":111},"9":{"loc":{"start":{"line":112,"column":8},"end":{"line":112,"column":null}},"type":"if","locations":[{"start":{"line":112,"column":8},"end":{"line":112,"column":null}},{"start":{},"end":{}}],"line":112},"10":{"loc":{"start":{"line":117,"column":23},"end":{"line":117,"column":41}},"type":"binary-expr","locations":[{"start":{"line":117,"column":23},"end":{"line":117,"column":39}},{"start":{"line":117,"column":39},"end":{"line":117,"column":41}}],"line":117},"11":{"loc":{"start":{"line":124,"column":21},"end":{"line":124,"column":85}},"type":"cond-expr","locations":[{"start":{"line":124,"column":44},"end":{"line":124,"column":58}},{"start":{"line":124,"column":58},"end":{"line":124,"column":85}}],"line":124},"12":{"loc":{"start":{"line":129,"column":8},"end":{"line":131,"column":null}},"type":"if","locations":[{"start":{"line":129,"column":8},"end":{"line":131,"column":null}},{"start":{},"end":{}}],"line":129},"13":{"loc":{"start":{"line":139,"column":25},"end":{"line":143,"column":null}},"type":"binary-expr","locations":[{"start":{"line":139,"column":25},"end":{"line":139,"column":null}},{"start":{"line":140,"column":28},"end":{"line":143,"column":null}}],"line":139},"14":{"loc":{"start":{"line":145,"column":25},"end":{"line":149,"column":null}},"type":"binary-expr","locations":[{"start":{"line":145,"column":25},"end":{"line":145,"column":null}},{"start":{"line":146,"column":28},"end":{"line":149,"column":null}}],"line":145},"15":{"loc":{"start":{"line":151,"column":25},"end":{"line":155,"column":null}},"type":"binary-expr","locations":[{"start":{"line":151,"column":25},"end":{"line":151,"column":null}},{"start":{"line":152,"column":28},"end":{"line":155,"column":null}}],"line":151},"16":{"loc":{"start":{"line":157,"column":25},"end":{"line":161,"column":null}},"type":"binary-expr","locations":[{"start":{"line":157,"column":25},"end":{"line":157,"column":null}},{"start":{"line":158,"column":28},"end":{"line":161,"column":null}}],"line":157},"17":{"loc":{"start":{"line":165,"column":25},"end":{"line":166,"column":null}},"type":"binary-expr","locations":[{"start":{"line":165,"column":25},"end":{"line":165,"column":null}},{"start":{"line":166,"column":28},"end":{"line":166,"column":null}}],"line":165},"18":{"loc":{"start":{"line":167,"column":25},"end":{"line":168,"column":null}},"type":"binary-expr","locations":[{"start":{"line":167,"column":25},"end":{"line":167,"column":null}},{"start":{"line":168,"column":28},"end":{"line":168,"column":null}}],"line":167},"19":{"loc":{"start":{"line":169,"column":25},"end":{"line":170,"column":null}},"type":"binary-expr","locations":[{"start":{"line":169,"column":25},"end":{"line":169,"column":null}},{"start":{"line":170,"column":28},"end":{"line":170,"column":null}}],"line":169},"20":{"loc":{"start":{"line":171,"column":25},"end":{"line":172,"column":null}},"type":"binary-expr","locations":[{"start":{"line":171,"column":25},"end":{"line":171,"column":null}},{"start":{"line":172,"column":28},"end":{"line":172,"column":null}}],"line":171},"21":{"loc":{"start":{"line":192,"column":21},"end":{"line":203,"column":null}},"type":"binary-expr","locations":[{"start":{"line":192,"column":21},"end":{"line":192,"column":null}},{"start":{"line":193,"column":24},"end":{"line":203,"column":null}}],"line":192},"22":{"loc":{"start":{"line":207,"column":21},"end":{"line":242,"column":null}},"type":"binary-expr","locations":[{"start":{"line":207,"column":21},"end":{"line":207,"column":45}},{"start":{"line":207,"column":45},"end":{"line":207,"column":null}},{"start":{"line":208,"column":24},"end":{"line":242,"column":null}}],"line":207},"23":{"loc":{"start":{"line":213,"column":33},"end":{"line":216,"column":null}},"type":"binary-expr","locations":[{"start":{"line":213,"column":33},"end":{"line":213,"column":null}},{"start":{"line":214,"column":36},"end":{"line":216,"column":null}}],"line":213},"24":{"loc":{"start":{"line":227,"column":45},"end":{"line":230,"column":null}},"type":"cond-expr","locations":[{"start":{"line":228,"column":48},"end":{"line":228,"column":null}},{"start":{"line":230,"column":48},"end":{"line":230,"column":null}}],"line":227},"25":{"loc":{"start":{"line":246,"column":21},"end":{"line":249,"column":null}},"type":"binary-expr","locations":[{"start":{"line":246,"column":21},"end":{"line":246,"column":42}},{"start":{"line":246,"column":42},"end":{"line":246,"column":null}},{"start":{"line":247,"column":24},"end":{"line":249,"column":null}}],"line":246},"26":{"loc":{"start":{"line":254,"column":21},"end":{"line":262,"column":null}},"type":"binary-expr","locations":[{"start":{"line":254,"column":21},"end":{"line":254,"column":null}},{"start":{"line":255,"column":24},"end":{"line":262,"column":null}}],"line":254},"27":{"loc":{"start":{"line":264,"column":21},"end":{"line":268,"column":null}},"type":"binary-expr","locations":[{"start":{"line":264,"column":21},"end":{"line":264,"column":null}},{"start":{"line":265,"column":24},"end":{"line":268,"column":null}}],"line":264},"28":{"loc":{"start":{"line":268,"column":24},"end":{"line":273,"column":null}},"type":"binary-expr","locations":[{"start":{"line":270,"column":22},"end":{"line":270,"column":46}},{"start":{"line":270,"column":46},"end":{"line":270,"column":null}},{"start":{"line":271,"column":24},"end":{"line":273,"column":null}}],"line":268}},"s":{"0":40,"1":40,"2":40,"3":40,"4":40,"5":8,"6":40,"7":0,"8":40,"9":0,"10":40,"11":0,"12":0,"13":40,"14":22,"15":0,"16":0,"17":0,"18":0,"19":0,"20":0,"21":0,"22":0,"23":0,"24":0,"25":0,"26":40,"27":40,"28":40,"29":0,"30":0,"31":0,"32":0,"33":0,"34":0,"35":0,"36":0,"37":0,"38":0,"39":0,"40":0,"41":0,"42":0,"43":0,"44":0,"45":0,"46":0,"47":0,"48":0,"49":0,"50":0,"51":0,"52":0,"53":0,"54":40,"55":0,"56":0,"57":0,"58":0,"59":0,"60":0,"61":0,"62":0,"63":0,"64":0,"65":0,"66":0,"67":40,"68":0,"69":0,"70":40,"71":0,"72":0},"f":{"0":40,"1":8,"2":0,"3":0,"4":0,"5":0,"6":22,"7":0,"8":0,"9":40,"10":0,"11":0,"12":0,"13":0,"14":0,"15":0,"16":0,"17":0,"18":0,"19":0},"b":{"0":[0,22],"1":[0,0],"2":[40,0],"3":[0,0],"4":[0,0],"5":[0,0],"6":[0,0],"7":[0,0],"8":[0],"9":[0,0],"10":[0,0],"11":[0,0],"12":[0,0],"13":[40,40],"14":[40,0],"15":[40,0],"16":[40,0],"17":[40,40],"18":[40,0],"19":[40,0],"20":[40,0],"21":[40,0],"22":[40,0,0],"23":[0,0],"24":[0,0],"25":[40,0,0],"26":[40,40],"27":[40,0],"28":[40,40,0]},"meta":{"lastBranch":29,"lastFunction":20,"lastStatement":73,"seen":{"f:27:16:27:28":0,"s:33:26:33:Infinity":0,"s:34:32:34:Infinity":1,"s:35:30:35:Infinity":2,"s:36:26:36:Infinity":3,"s:39:22:39:Infinity":4,"f:39:43:39:44":1,"s:39:58:39:75":5,"s:40:25:40:Infinity":6,"f:40:40:40:45":2,"s:40:45:40:54":7,"s:41:22:41:Infinity":8,"f:41:37:41:42":3,"s:41:42:41:52":9,"s:42:23:42:Infinity":10,"f:42:38:42:43":4,"s:42:43:42:52":11,"f:42:61:42:62":5,"s:42:73:42:87":12,"s:45:4:67:Infinity":13,"f:45:14:45:20":6,"b:46:8:66:Infinity:undefined:undefined:undefined:undefined":0,"s:46:8:66:Infinity":14,"s:48:12:61:Infinity":15,"f:48:31:48:43":7,"s:49:38:49:Infinity":16,"b:51:16:57:Infinity:55:23:57:Infinity":1,"s:51:16:57:Infinity":17,"s:53:20:53:Infinity":18,"s:54:20:54:Infinity":19,"s:56:20:56:Infinity":20,"f:58:21:58:28":8,"s:59:16:59:Infinity":21,"s:60:16:60:Infinity":22,"s:63:12:63:Infinity":23,"s:64:12:64:Infinity":24,"s:65:12:65:Infinity":25,"s:70:4:109:Infinity":26,"f:70:14:70:20":9,"b:71:8:71:Infinity:undefined:undefined:undefined:undefined":2,"s:71:8:71:Infinity":27,"s:71:19:71:Infinity":28,"s:73:8:78:Infinity":29,"f:73:34:73:40":10,"s:74:12:74:Infinity":30,"s:76:12:76:Infinity":31,"f:76:21:76:26":11,"s:76:26:76:76":32,"b:76:62:76:66:76:66:76:76":3,"b:76:26:76:46:76:46:76:62":4,"s:77:12:77:Infinity":33,"s:80:8:85:Infinity":34,"f:80:35:80:36":12,"s:81:12:81:Infinity":35,"b:82:12:84:Infinity:undefined:undefined:undefined:undefined":5,"s:82:12:84:Infinity":36,"b:82:16:82:24:82:24:82:59":6,"s:83:16:83:Infinity":37,"s:87:8:95:Infinity":38,"f:87:35:87:36":13,"s:88:12:88:Infinity":39,"s:89:12:89:Infinity":40,"s:90:12:90:Infinity":41,"b:91:12:93:Infinity:undefined:undefined:undefined:undefined":7,"s:91:12:93:Infinity":42,"s:92:16:92:Infinity":43,"s:94:12:94:Infinity":44,"s:97:8:101:Infinity":45,"f:97:32:97:33":14,"s:98:12:98:Infinity":46,"s:99:12:99:Infinity":47,"s:100:12:100:Infinity":48,"s:103:8:108:Infinity":49,"f:103:15:103:21":15,"s:104:12:104:Infinity":50,"s:105:12:105:Infinity":51,"s:106:12:106:Infinity":52,"s:107:12:107:Infinity":53,"s:111:24:126:Infinity":54,"f:111:24:111:31":16,"b:111:43:111:53":8,"b:112:8:112:Infinity:undefined:undefined:undefined:undefined":9,"s:112:8:112:Infinity":55,"s:112:24:112:Infinity":56,"s:113:8:113:Infinity":57,"s:115:8:125:Infinity":58,"s:116:33:116:Infinity":59,"s:117:12:117:Infinity":60,"b:117:23:117:39:117:39:117:41":10,"s:118:12:118:Infinity":61,"s:119:12:119:Infinity":62,"s:120:12:120:Infinity":63,"s:122:12:122:Infinity":64,"s:123:12:123:Infinity":65,"s:124:12:124:Infinity":66,"b:124:44:124:58:124:58:124:85":11,"s:128:24:132:Infinity":67,"f:128:24:128:30":17,"b:129:8:131:Infinity:undefined:undefined:undefined:undefined":12,"s:129:8:131:Infinity":68,"s:130:12:130:Infinity":69,"s:134:4:277:Infinity":70,"b:139:25:139:Infinity:140:28:143:Infinity":13,"b:145:25:145:Infinity:146:28:149:Infinity":14,"b:151:25:151:Infinity:152:28:155:Infinity":15,"b:157:25:157:Infinity:158:28:161:Infinity":16,"b:165:25:165:Infinity:166:28:166:Infinity":17,"b:167:25:167:Infinity:168:28:168:Infinity":18,"b:169:25:169:Infinity:170:28:170:Infinity":19,"b:171:25:171:Infinity:172:28:172:Infinity":20,"b:192:21:192:Infinity:193:24:203:Infinity":21,"b:207:21:207:45:207:45:207:Infinity:208:24:242:Infinity":22,"b:213:33:213:Infinity:214:36:216:Infinity":23,"f:222:49:222:50":18,"s:223:40:238:Infinity":71,"b:228:48:228:Infinity:230:48:230:Infinity":24,"b:246:21:246:42:246:42:246:Infinity:247:24:249:Infinity":25,"b:254:21:254:Infinity:255:24:262:Infinity":26,"f:259:67:259:73":19,"s:259:73:259:93":72,"b:264:21:264:Infinity:265:24:268:Infinity":27,"b:270:22:270:46:270:46:270:Infinity:271:24:273:Infinity":28}}}
,"/Users/thanhngo/Documents/StartUp/mac-dev-cleaner-cli/frontend/src/components/toolbar.tsx": {"path":"/Users/thanhngo/Documents/StartUp/mac-dev-cleaner-cli/frontend/src/components/toolbar.tsx","statementMap":{"0":{"start":{"line":13,"column":44},"end":{"line":13,"column":null}},"1":{"start":{"line":28,"column":2},"end":{"line":28,"column":null}},"2":{"start":{"line":29,"column":16},"end":{"line":29,"column":null}},"3":{"start":{"line":32,"column":24},"end":{"line":32,"column":null}},"4":{"start":{"line":32,"column":51},"end":{"line":32,"column":79}},"5":{"start":{"line":33,"column":23},"end":{"line":33,"column":null}},"6":{"start":{"line":33,"column":59},"end":{"line":33,"column":76}},"7":{"start":{"line":35,"column":21},"end":{"line":73,"column":null}},"8":{"start":{"line":36,"column":4},"end":{"line":36,"column":null}},"9":{"start":{"line":37,"column":4},"end":{"line":72,"column":null}},"10":{"start":{"line":39,"column":21},"end":{"line":39,"column":null}},"11":{"start":{"line":40,"column":6},"end":{"line":45,"column":null}},"12":{"start":{"line":41,"column":25},"end":{"line":41,"column":null}},"13":{"start":{"line":42,"column":8},"end":{"line":42,"column":null}},"14":{"start":{"line":42,"column":31},"end":{"line":42,"column":null}},"15":{"start":{"line":44,"column":8},"end":{"line":44,"column":null}},"16":{"start":{"line":47,"column":19},"end":{"line":55,"column":null}},"17":{"start":{"line":57,"column":6},"end":{"line":57,"column":null}},"18":{"start":{"line":59,"column":6},"end":{"line":62,"column":null}},"19":{"start":{"line":64,"column":6},"end":{"line":64,"column":null}},"20":{"start":{"line":65,"column":6},"end":{"line":69,"column":null}},"21":{"start":{"line":71,"column":6},"end":{"line":71,"column":null}},"22":{"start":{"line":75,"column":26},"end":{"line":78,"column":null}},"23":{"start":{"line":76,"column":21},"end":{"line":76,"column":null}},"24":{"start":{"line":76,"column":45},"end":{"line":76,"column":54}},"25":{"start":{"line":77,"column":4},"end":{"line":77,"column":null}},"26":{"start":{"line":80,"column":30},"end":{"line":96,"column":null}},"27":{"start":{"line":82,"column":4},"end":{"line":82,"column":null}},"28":{"start":{"line":85,"column":4},"end":{"line":95,"column":null}},"29":{"start":{"line":86,"column":22},"end":{"line":86,"column":null}},"30":{"start":{"line":87,"column":6},"end":{"line":87,"column":null}},"31":{"start":{"line":89,"column":6},"end":{"line":92,"column":null}},"32":{"start":{"line":94,"column":6},"end":{"line":94,"column":null}},"33":{"start":{"line":98,"column":2},"end":{"line":203,"column":null}},"34":{"start":{"line":111,"column":29},"end":{"line":111,"column":null}},"35":{"start":{"line":119,"column":29},"end":{"line":119,"column":null}},"36":{"start":{"line":127,"column":29},"end":{"line":127,"column":null}},"37":{"start":{"line":171,"column":33},"end":{"line":171,"column":null}},"38":{"start":{"line":185,"column":29},"end":{"line":185,"column":null}}},"fnMap":{"0":{"name":"Toolbar","decl":{"start":{"line":12,"column":16},"end":{"line":12,"column":26}},"loc":{"start":{"line":12,"column":26},"end":{"line":205,"column":null}},"line":12},"1":{"name":"(anonymous_1)","decl":{"start":{"line":32,"column":43},"end":{"line":32,"column":51}},"loc":{"start":{"line":32,"column":51},"end":{"line":32,"column":79}},"line":32},"2":{"name":"(anonymous_2)","decl":{"start":{"line":33,"column":44},"end":{"line":33,"column":45}},"loc":{"start":{"line":33,"column":59},"end":{"line":33,"column":76}},"line":33},"3":{"name":"(anonymous_3)","decl":{"start":{"line":35,"column":21},"end":{"line":35,"column":33}},"loc":{"start":{"line":35,"column":33},"end":{"line":73,"column":null}},"line":35},"4":{"name":"(anonymous_4)","decl":{"start":{"line":75,"column":26},"end":{"line":75,"column":32}},"loc":{"start":{"line":75,"column":32},"end":{"line":78,"column":null}},"line":75},"5":{"name":"(anonymous_5)","decl":{"start":{"line":76,"column":37},"end":{"line":76,"column":45}},"loc":{"start":{"line":76,"column":45},"end":{"line":76,"column":54}},"line":76},"6":{"name":"(anonymous_6)","decl":{"start":{"line":80,"column":30},"end":{"line":80,"column":42}},"loc":{"start":{"line":80,"column":42},"end":{"line":96,"column":null}},"line":80},"7":{"name":"(anonymous_7)","decl":{"start":{"line":111,"column":23},"end":{"line":111,"column":29}},"loc":{"start":{"line":111,"column":29},"end":{"line":111,"column":null}},"line":111},"8":{"name":"(anonymous_8)","decl":{"start":{"line":119,"column":23},"end":{"line":119,"column":29}},"loc":{"start":{"line":119,"column":29},"end":{"line":119,"column":null}},"line":119},"9":{"name":"(anonymous_9)","decl":{"start":{"line":127,"column":23},"end":{"line":127,"column":29}},"loc":{"start":{"line":127,"column":29},"end":{"line":127,"column":null}},"line":127},"10":{"name":"(anonymous_10)","decl":{"start":{"line":171,"column":27},"end":{"line":171,"column":33}},"loc":{"start":{"line":171,"column":33},"end":{"line":171,"column":null}},"line":171},"11":{"name":"(anonymous_11)","decl":{"start":{"line":185,"column":22},"end":{"line":185,"column":23}},"loc":{"start":{"line":185,"column":29},"end":{"line":185,"column":null}},"line":185}},"branchMap":{"0":{"loc":{"start":{"line":42,"column":8},"end":{"line":42,"column":null}},"type":"if","locations":[{"start":{"line":42,"column":8},"end":{"line":42,"column":null}},{"start":{},"end":{}}],"line":42},"1":{"loc":{"start":{"line":68,"column":21},"end":{"line":68,"column":null}},"type":"cond-expr","locations":[{"start":{"line":68,"column":46},"end":{"line":68,"column":62}},{"start":{"line":68,"column":62},"end":{"line":68,"column":null}}],"line":68},"2":{"loc":{"start":{"line":104,"column":13},"end":{"line":104,"column":null}},"type":"cond-expr","locations":[{"start":{"line":104,"column":26},"end":{"line":104,"column":42}},{"start":{"line":104,"column":42},"end":{"line":104,"column":null}}],"line":104},"3":{"loc":{"start":{"line":109,"column":23},"end":{"line":109,"column":null}},"type":"cond-expr","locations":[{"start":{"line":109,"column":45},"end":{"line":109,"column":57}},{"start":{"line":109,"column":57},"end":{"line":109,"column":null}}],"line":109},"4":{"loc":{"start":{"line":117,"column":23},"end":{"line":117,"column":null}},"type":"cond-expr","locations":[{"start":{"line":117,"column":48},"end":{"line":117,"column":60}},{"start":{"line":117,"column":60},"end":{"line":117,"column":null}}],"line":117},"5":{"loc":{"start":{"line":125,"column":23},"end":{"line":125,"column":null}},"type":"cond-expr","locations":[{"start":{"line":125,"column":46},"end":{"line":125,"column":58}},{"start":{"line":125,"column":58},"end":{"line":125,"column":null}}],"line":125},"6":{"loc":{"start":{"line":135,"column":11},"end":{"line":177,"column":null}},"type":"binary-expr","locations":[{"start":{"line":135,"column":11},"end":{"line":135,"column":null}},{"start":{"line":136,"column":12},"end":{"line":177,"column":null}}],"line":135},"7":{"loc":{"start":{"line":159,"column":15},"end":{"line":162,"column":null}},"type":"binary-expr","locations":[{"start":{"line":159,"column":15},"end":{"line":159,"column":null}},{"start":{"line":160,"column":16},"end":{"line":162,"column":null}}],"line":159},"8":{"loc":{"start":{"line":166,"column":15},"end":{"line":175,"column":null}},"type":"binary-expr","locations":[{"start":{"line":166,"column":15},"end":{"line":166,"column":null}},{"start":{"line":167,"column":16},"end":{"line":175,"column":null}}],"line":166}},"s":{"0":40,"1":40,"2":40,"3":40,"4":15,"5":40,"6":8,"7":40,"8":2,"9":2,"10":2,"11":2,"12":2,"13":2,"14":2,"15":0,"16":2,"17":2,"18":2,"19":0,"20":0,"21":2,"22":40,"23":1,"24":2,"25":1,"26":40,"27":0,"28":0,"29":0,"30":0,"31":0,"32":0,"33":40,"34":0,"35":1,"36":0,"37":0,"38":10},"f":{"0":40,"1":15,"2":8,"3":2,"4":1,"5":2,"6":0,"7":0,"8":1,"9":0,"10":0,"11":10},"b":{"0":[2,0],"1":[0,0],"2":[4,36],"3":[39,1],"4":[1,39],"5":[0,40],"6":[40,10],"7":[10,5],"8":[10,5]},"meta":{"lastBranch":9,"lastFunction":12,"lastStatement":39,"seen":{"f:12:16:12:26":0,"s:13:44:13:Infinity":0,"s:28:2:28:Infinity":1,"s:29:16:29:Infinity":2,"s:32:24:32:Infinity":3,"f:32:43:32:51":1,"s:32:51:32:79":4,"s:33:23:33:Infinity":5,"f:33:44:33:45":2,"s:33:59:33:76":6,"s:35:21:73:Infinity":7,"f:35:21:35:33":3,"s:36:4:36:Infinity":8,"s:37:4:72:Infinity":9,"s:39:21:39:Infinity":10,"s:40:6:45:Infinity":11,"s:41:25:41:Infinity":12,"b:42:8:42:Infinity:undefined:undefined:undefined:undefined":0,"s:42:8:42:Infinity":13,"s:42:31:42:Infinity":14,"s:44:8:44:Infinity":15,"s:47:19:55:Infinity":16,"s:57:6:57:Infinity":17,"s:59:6:62:Infinity":18,"s:64:6:64:Infinity":19,"s:65:6:69:Infinity":20,"b:68:46:68:62:68:62:68:Infinity":1,"s:71:6:71:Infinity":21,"s:75:26:78:Infinity":22,"f:75:26:75:32":4,"s:76:21:76:Infinity":23,"f:76:37:76:45":5,"s:76:45:76:54":24,"s:77:4:77:Infinity":25,"s:80:30:96:Infinity":26,"f:80:30:80:42":6,"s:82:4:82:Infinity":27,"s:85:4:95:Infinity":28,"s:86:22:86:Infinity":29,"s:87:6:87:Infinity":30,"s:89:6:92:Infinity":31,"s:94:6:94:Infinity":32,"s:98:2:203:Infinity":33,"b:104:26:104:42:104:42:104:Infinity":2,"b:109:45:109:57:109:57:109:Infinity":3,"f:111:23:111:29":7,"s:111:29:111:Infinity":34,"b:117:48:117:60:117:60:117:Infinity":4,"f:119:23:119:29":8,"s:119:29:119:Infinity":35,"b:125:46:125:58:125:58:125:Infinity":5,"f:127:23:127:29":9,"s:127:29:127:Infinity":36,"b:135:11:135:Infinity:136:12:177:Infinity":6,"b:159:15:159:Infinity:160:16:162:Infinity":7,"b:166:15:166:Infinity:167:16:175:Infinity":8,"f:171:27:171:33":10,"s:171:33:171:Infinity":37,"f:185:22:185:23":11,"s:185:29:185:Infinity":38}}}
,"/Users/thanhngo/Documents/StartUp/mac-dev-cleaner-cli/frontend/src/components/ui/button.tsx": {"path":"/Users/thanhngo/Documents/StartUp/mac-dev-cleaner-cli/frontend/src/components/ui/button.tsx","statementMap":{"0":{"start":{"line":10,"column":15},"end":{"line":35,"column":null}},"1":{"start":{"line":12,"column":4},"end":{"line":32,"column":null}},"2":{"start":{"line":36,"column":0},"end":{"line":36,"column":null}}},"fnMap":{"0":{"name":"(anonymous_0)","decl":{"start":{"line":11,"column":2},"end":{"line":11,"column":3}},"loc":{"start":{"line":11,"column":75},"end":{"line":34,"column":null}},"line":11}},"branchMap":{"0":{"loc":{"start":{"line":11,"column":16},"end":{"line":11,"column":37}},"type":"default-arg","locations":[{"start":{"line":11,"column":26},"end":{"line":11,"column":37}}],"line":11},"1":{"loc":{"start":{"line":11,"column":37},"end":{"line":11,"column":55}},"type":"default-arg","locations":[{"start":{"line":11,"column":44},"end":{"line":11,"column":55}}],"line":11}},"s":{"0":2,"1":247,"2":2},"f":{"0":247},"b":{"0":[247],"1":[247]},"meta":{"lastBranch":2,"lastFunction":1,"lastStatement":3,"seen":{"s:10:15:35:Infinity":0,"f:11:2:11:3":0,"b:11:26:11:37":0,"b:11:44:11:55":1,"s:12:4:32:Infinity":1,"s:36:0:36:Infinity":2}}}
,"/Users/thanhngo/Documents/StartUp/mac-dev-cleaner-cli/frontend/src/components/ui/dialog.tsx": {"path":"/Users/thanhngo/Documents/StartUp/mac-dev-cleaner-cli/frontend/src/components/ui/dialog.tsx","statementMap":{"0":{"start":{"line":6,"column":15},"end":{"line":6,"column":null}},"1":{"start":{"line":8,"column":22},"end":{"line":8,"column":null}},"2":{"start":{"line":10,"column":21},"end":{"line":10,"column":null}},"3":{"start":{"line":12,"column":20},"end":{"line":12,"column":null}},"4":{"start":{"line":14,"column":22},"end":{"line":26,"column":null}},"5":{"start":{"line":18,"column":2},"end":{"line":25,"column":null}},"6":{"start":{"line":27,"column":0},"end":{"line":27,"column":null}},"7":{"start":{"line":29,"column":22},"end":{"line":50,"column":null}},"8":{"start":{"line":33,"column":2},"end":{"line":49,"column":null}},"9":{"start":{"line":51,"column":0},"end":{"line":51,"column":null}},"10":{"start":{"line":53,"column":21},"end":{"line":63,"column":null}},"11":{"start":{"line":57,"column":2},"end":{"line":63,"column":null}},"12":{"start":{"line":65,"column":0},"end":{"line":65,"column":null}},"13":{"start":{"line":67,"column":21},"end":{"line":77,"column":null}},"14":{"start":{"line":71,"column":2},"end":{"line":77,"column":null}},"15":{"start":{"line":79,"column":0},"end":{"line":79,"column":null}},"16":{"start":{"line":81,"column":20},"end":{"line":93,"column":null}},"17":{"start":{"line":85,"column":2},"end":{"line":92,"column":null}},"18":{"start":{"line":94,"column":0},"end":{"line":94,"column":null}},"19":{"start":{"line":96,"column":26},"end":{"line":105,"column":null}},"20":{"start":{"line":100,"column":2},"end":{"line":104,"column":null}},"21":{"start":{"line":106,"column":0},"end":{"line":106,"column":null}}},"fnMap":{"0":{"name":"(anonymous_0)","decl":{"start":{"line":17,"column":2},"end":{"line":17,"column":3}},"loc":{"start":{"line":18,"column":2},"end":{"line":25,"column":null}},"line":18},"1":{"name":"(anonymous_1)","decl":{"start":{"line":32,"column":2},"end":{"line":32,"column":3}},"loc":{"start":{"line":33,"column":2},"end":{"line":49,"column":null}},"line":33},"2":{"name":"(anonymous_2)","decl":{"start":{"line":53,"column":21},"end":{"line":53,"column":22}},"loc":{"start":{"line":57,"column":2},"end":{"line":63,"column":null}},"line":57},"3":{"name":"(anonymous_3)","decl":{"start":{"line":67,"column":21},"end":{"line":67,"column":22}},"loc":{"start":{"line":71,"column":2},"end":{"line":77,"column":null}},"line":71},"4":{"name":"(anonymous_4)","decl":{"start":{"line":84,"column":2},"end":{"line":84,"column":3}},"loc":{"start":{"line":85,"column":2},"end":{"line":92,"column":null}},"line":85},"5":{"name":"(anonymous_5)","decl":{"start":{"line":99,"column":2},"end":{"line":99,"column":3}},"loc":{"start":{"line":100,"column":2},"end":{"line":104,"column":null}},"line":100}},"branchMap":{},"s":{"0":1,"1":1,"2":1,"3":1,"4":1,"5":0,"6":1,"7":1,"8":40,"9":1,"10":1,"11":0,"12":1,"13":1,"14":0,"15":1,"16":1,"17":0,"18":1,"19":1,"20":0,"21":1},"f":{"0":0,"1":40,"2":0,"3":0,"4":0,"5":0},"b":{},"meta":{"lastBranch":0,"lastFunction":6,"lastStatement":22,"seen":{"s:6:15:6:Infinity":0,"s:8:22:8:Infinity":1,"s:10:21:10:Infinity":2,"s:12:20:12:Infinity":3,"s:14:22:26:Infinity":4,"f:17:2:17:3":0,"s:18:2:25:Infinity":5,"s:27:0:27:Infinity":6,"s:29:22:50:Infinity":7,"f:32:2:32:3":1,"s:33:2:49:Infinity":8,"s:51:0:51:Infinity":9,"s:53:21:63:Infinity":10,"f:53:21:53:22":2,"s:57:2:63:Infinity":11,"s:65:0:65:Infinity":12,"s:67:21:77:Infinity":13,"f:67:21:67:22":3,"s:71:2:77:Infinity":14,"s:79:0:79:Infinity":15,"s:81:20:93:Infinity":16,"f:84:2:84:3":4,"s:85:2:92:Infinity":17,"s:94:0:94:Infinity":18,"s:96:26:105:Infinity":19,"f:99:2:99:3":5,"s:100:2:104:Infinity":20,"s:106:0:106:Infinity":21}}}
,"/Users/thanhngo/Documents/StartUp/mac-dev-cleaner-cli/frontend/src/components/ui/input.tsx": {"path":"/Users/thanhngo/Documents/StartUp/mac-dev-cleaner-cli/frontend/src/components/ui/input.tsx","statementMap":{"0":{"start":{"line":7,"column":14},"end":{"line":21,"column":null}},"1":{"start":{"line":9,"column":4},"end":{"line":18,"column":null}},"2":{"start":{"line":22,"column":0},"end":{"line":22,"column":null}}},"fnMap":{"0":{"name":"(anonymous_0)","decl":{"start":{"line":8,"column":2},"end":{"line":8,"column":3}},"loc":{"start":{"line":8,"column":42},"end":{"line":20,"column":null}},"line":8}},"branchMap":{},"s":{"0":1,"1":40,"2":1},"f":{"0":40},"b":{},"meta":{"lastBranch":0,"lastFunction":1,"lastStatement":3,"seen":{"s:7:14:21:Infinity":0,"f:8:2:8:3":0,"s:9:4:18:Infinity":1,"s:22:0:22:Infinity":2}}}
,"/Users/thanhngo/Documents/StartUp/mac-dev-cleaner-cli/frontend/src/components/ui/scroll-area.tsx": {"path":"/Users/thanhngo/Documents/StartUp/mac-dev-cleaner-cli/frontend/src/components/ui/scroll-area.tsx","statementMap":{"0":{"start":{"line":6,"column":19},"end":{"line":21,"column":null}},"1":{"start":{"line":10,"column":2},"end":{"line":20,"column":null}},"2":{"start":{"line":22,"column":0},"end":{"line":22,"column":null}},"3":{"start":{"line":24,"column":18},"end":{"line":43,"column":null}},"4":{"start":{"line":28,"column":2},"end":{"line":42,"column":null}},"5":{"start":{"line":44,"column":0},"end":{"line":44,"column":null}}},"fnMap":{"0":{"name":"(anonymous_0)","decl":{"start":{"line":9,"column":2},"end":{"line":9,"column":3}},"loc":{"start":{"line":10,"column":2},"end":{"line":20,"column":null}},"line":10},"1":{"name":"(anonymous_1)","decl":{"start":{"line":27,"column":2},"end":{"line":27,"column":3}},"loc":{"start":{"line":28,"column":2},"end":{"line":42,"column":null}},"line":28}},"branchMap":{"0":{"loc":{"start":{"line":27,"column":16},"end":{"line":27,"column":42}},"type":"default-arg","locations":[{"start":{"line":27,"column":30},"end":{"line":27,"column":42}}],"line":27},"1":{"loc":{"start":{"line":33,"column":6},"end":{"line":34,"column":null}},"type":"binary-expr","locations":[{"start":{"line":33,"column":6},"end":{"line":33,"column":null}},{"start":{"line":34,"column":8},"end":{"line":34,"column":null}}],"line":33},"2":{"loc":{"start":{"line":35,"column":6},"end":{"line":36,"column":null}},"type":"binary-expr","locations":[{"start":{"line":35,"column":6},"end":{"line":35,"column":null}},{"start":{"line":36,"column":8},"end":{"line":36,"column":null}}],"line":35}},"s":{"0":1,"1":0,"2":1,"3":1,"4":0,"5":1},"f":{"0":0,"1":0},"b":{"0":[0],"1":[0,0],"2":[0,0]},"meta":{"lastBranch":3,"lastFunction":2,"lastStatement":6,"seen":{"s:6:19:21:Infinity":0,"f:9:2:9:3":0,"s:10:2:20:Infinity":1,"s:22:0:22:Infinity":2,"s:24:18:43:Infinity":3,"f:27:2:27:3":1,"s:28:2:42:Infinity":4,"b:27:30:27:42":0,"b:33:6:33:Infinity:34:8:34:Infinity":1,"b:35:6:35:Infinity:36:8:36:Infinity":2,"s:44:0:44:Infinity":5}}}
,"/Users/thanhngo/Documents/StartUp/mac-dev-cleaner-cli/frontend/src/lib/utils.ts": {"path":"/Users/thanhngo/Documents/StartUp/mac-dev-cleaner-cli/frontend/src/lib/utils.ts","statementMap":{"0":{"start":{"line":5,"column":2},"end":{"line":5,"column":null}},"1":{"start":{"line":9,"column":2},"end":{"line":9,"column":null}},"2":{"start":{"line":9,"column":19},"end":{"line":9,"column":null}},"3":{"start":{"line":11,"column":12},"end":{"line":11,"column":null}},"4":{"start":{"line":12,"column":13},"end":{"line":12,"column":null}},"5":{"start":{"line":13,"column":16},"end":{"line":13,"column":null}},"6":{"start":{"line":15,"column":12},"end":{"line":15,"column":null}},"7":{"start":{"line":17,"column":2},"end":{"line":17,"column":null}}},"fnMap":{"0":{"name":"cn","decl":{"start":{"line":4,"column":16},"end":{"line":4,"column":22}},"loc":{"start":{"line":4,"column":44},"end":{"line":6,"column":null}},"line":4},"1":{"name":"formatBytes","decl":{"start":{"line":8,"column":16},"end":{"line":8,"column":28}},"loc":{"start":{"line":8,"column":65},"end":{"line":18,"column":null}},"line":8}},"branchMap":{"0":{"loc":{"start":{"line":8,"column":43},"end":{"line":8,"column":65}},"type":"default-arg","locations":[{"start":{"line":8,"column":54},"end":{"line":8,"column":65}}],"line":8},"1":{"loc":{"start":{"line":9,"column":2},"end":{"line":9,"column":null}},"type":"if","locations":[{"start":{"line":9,"column":2},"end":{"line":9,"column":null}},{"start":{},"end":{}}],"line":9},"2":{"loc":{"start":{"line":12,"column":13},"end":{"line":12,"column":null}},"type":"cond-expr","locations":[{"start":{"line":12,"column":28},"end":{"line":12,"column":32}},{"start":{"line":12,"column":32},"end":{"line":12,"column":null}}],"line":12}},"s":{"0":330,"1":58,"2":36,"3":22,"4":22,"5":58,"6":58,"7":58},"f":{"0":330,"1":58},"b":{"0":[58],"1":[36,22],"2":[0,22]},"meta":{"lastBranch":3,"lastFunction":2,"lastStatement":8,"seen":{"f:4:16:4:22":0,"s:5:2:5:Infinity":0,"f:8:16:8:28":1,"b:8:54:8:65":0,"b:9:2:9:Infinity:undefined:undefined:undefined:undefined":1,"s:9:2:9:Infinity":1,"s:9:19:9:Infinity":2,"s:11:12:11:Infinity":3,"s:12:13:12:Infinity":4,"b:12:28:12:32:12:32:12:Infinity":2,"s:13:16:13:Infinity":5,"s:15:12:15:Infinity":6,"s:17:2:17:Infinity":7}}}
,"/Users/thanhngo/Documents/StartUp/mac-dev-cleaner-cli/frontend/src/store/ui-store.ts": {"path":"/Users/thanhngo/Documents/StartUp/mac-dev-cleaner-cli/frontend/src/store/ui-store.ts","statementMap":{"0":{"start":{"line":39,"column":13},"end":{"line":91,"column":null}},"1":{"start":{"line":39,"column":52},"end":{"line":91,"column":2}},"2":{"start":{"line":42,"column":31},"end":{"line":42,"column":null}},"3":{"start":{"line":47,"column":4},"end":{"line":55,"column":null}},"4":{"start":{"line":48,"column":21},"end":{"line":48,"column":null}},"5":{"start":{"line":49,"column":6},"end":{"line":53,"column":null}},"6":{"start":{"line":50,"column":8},"end":{"line":50,"column":null}},"7":{"start":{"line":52,"column":8},"end":{"line":52,"column":null}},"8":{"start":{"line":54,"column":6},"end":{"line":54,"column":null}},"9":{"start":{"line":56,"column":24},"end":{"line":56,"column":null}},"10":{"start":{"line":57,"column":24},"end":{"line":57,"column":null}},"11":{"start":{"line":62,"column":4},"end":{"line":70,"column":null}},"12":{"start":{"line":63,"column":21},"end":{"line":63,"column":null}},"13":{"start":{"line":64,"column":6},"end":{"line":68,"column":null}},"14":{"start":{"line":65,"column":8},"end":{"line":65,"column":null}},"15":{"start":{"line":67,"column":8},"end":{"line":67,"column":null}},"16":{"start":{"line":69,"column":6},"end":{"line":69,"column":null}},"17":{"start":{"line":71,"column":21},"end":{"line":71,"column":null}},"18":{"start":{"line":75,"column":29},"end":{"line":75,"column":null}},"19":{"start":{"line":77,"column":28},"end":{"line":77,"column":null}},"20":{"start":{"line":81,"column":25},"end":{"line":81,"column":null}},"21":{"start":{"line":86,"column":4},"end":{"line":86,"column":null}},"22":{"start":{"line":86,"column":20},"end":{"line":86,"column":62}},"23":{"start":{"line":90,"column":29},"end":{"line":90,"column":null}}},"fnMap":{"0":{"name":"(anonymous_0)","decl":{"start":{"line":39,"column":42},"end":{"line":39,"column":43}},"loc":{"start":{"line":39,"column":52},"end":{"line":91,"column":2}},"line":39},"1":{"name":"(anonymous_1)","decl":{"start":{"line":42,"column":18},"end":{"line":42,"column":19}},"loc":{"start":{"line":42,"column":31},"end":{"line":42,"column":null}},"line":42},"2":{"name":"(anonymous_2)","decl":{"start":{"line":46,"column":19},"end":{"line":46,"column":20}},"loc":{"start":{"line":47,"column":4},"end":{"line":55,"column":null}},"line":47},"3":{"name":"(anonymous_3)","decl":{"start":{"line":47,"column":8},"end":{"line":47,"column":9}},"loc":{"start":{"line":47,"column":19},"end":{"line":55,"column":5}},"line":47},"4":{"name":"(anonymous_4)","decl":{"start":{"line":56,"column":18},"end":{"line":56,"column":24}},"loc":{"start":{"line":56,"column":24},"end":{"line":56,"column":null}},"line":56},"5":{"name":"(anonymous_5)","decl":{"start":{"line":57,"column":13},"end":{"line":57,"column":14}},"loc":{"start":{"line":57,"column":24},"end":{"line":57,"column":null}},"line":57},"6":{"name":"(anonymous_6)","decl":{"start":{"line":61,"column":16},"end":{"line":61,"column":17}},"loc":{"start":{"line":62,"column":4},"end":{"line":70,"column":null}},"line":62},"7":{"name":"(anonymous_7)","decl":{"start":{"line":62,"column":8},"end":{"line":62,"column":9}},"loc":{"start":{"line":62,"column":19},"end":{"line":70,"column":5}},"line":62},"8":{"name":"(anonymous_8)","decl":{"start":{"line":71,"column":15},"end":{"line":71,"column":21}},"loc":{"start":{"line":71,"column":21},"end":{"line":71,"column":null}},"line":71},"9":{"name":"(anonymous_9)","decl":{"start":{"line":75,"column":18},"end":{"line":75,"column":19}},"loc":{"start":{"line":75,"column":29},"end":{"line":75,"column":null}},"line":75},"10":{"name":"(anonymous_10)","decl":{"start":{"line":77,"column":17},"end":{"line":77,"column":18}},"loc":{"start":{"line":77,"column":28},"end":{"line":77,"column":null}},"line":77},"11":{"name":"(anonymous_11)","decl":{"start":{"line":81,"column":15},"end":{"line":81,"column":16}},"loc":{"start":{"line":81,"column":25},"end":{"line":81,"column":null}},"line":81},"12":{"name":"(anonymous_12)","decl":{"start":{"line":85,"column":18},"end":{"line":85,"column":null}},"loc":{"start":{"line":86,"column":4},"end":{"line":86,"column":null}},"line":86},"13":{"name":"(anonymous_13)","decl":{"start":{"line":86,"column":8},"end":{"line":86,"column":9}},"loc":{"start":{"line":86,"column":20},"end":{"line":86,"column":62}},"line":86},"14":{"name":"(anonymous_14)","decl":{"start":{"line":90,"column":15},"end":{"line":90,"column":16}},"loc":{"start":{"line":90,"column":29},"end":{"line":90,"column":null}},"line":90}},"branchMap":{"0":{"loc":{"start":{"line":49,"column":6},"end":{"line":53,"column":null}},"type":"if","locations":[{"start":{"line":49,"column":6},"end":{"line":53,"column":null}},{"start":{"line":51,"column":13},"end":{"line":53,"column":null}}],"line":49},"1":{"loc":{"start":{"line":64,"column":6},"end":{"line":68,"column":null}},"type":"if","locations":[{"start":{"line":64,"column":6},"end":{"line":68,"column":null}},{"start":{"line":66,"column":13},"end":{"line":68,"column":null}}],"line":64}},"s":{"0":2,"1":2,"2":1,"3":5,"4":5,"5":5,"6":1,"7":4,"8":5,"9":2,"10":3,"11":6,"12":6,"13":6,"14":1,"15":5,"16":6,"17":1,"18":11,"19":1,"20":3,"21":3,"22":3,"23":6},"f":{"0":2,"1":1,"2":5,"3":5,"4":2,"5":3,"6":6,"7":6,"8":1,"9":11,"10":1,"11":3,"12":3,"13":3,"14":6},"b":{"0":[1,4],"1":[1,5]},"meta":{"lastBranch":2,"lastFunction":15,"lastStatement":24,"seen":{"s:39:13:91:Infinity":0,"f:39:42:39:43":0,"s:39:52:91:2":1,"f:42:18:42:19":1,"s:42:31:42:Infinity":2,"f:46:19:46:20":2,"s:47:4:55:Infinity":3,"f:47:8:47:9":3,"s:48:21:48:Infinity":4,"b:49:6:53:Infinity:51:13:53:Infinity":0,"s:49:6:53:Infinity":5,"s:50:8:50:Infinity":6,"s:52:8:52:Infinity":7,"s:54:6:54:Infinity":8,"f:56:18:56:24":4,"s:56:24:56:Infinity":9,"f:57:13:57:14":5,"s:57:24:57:Infinity":10,"f:61:16:61:17":6,"s:62:4:70:Infinity":11,"f:62:8:62:9":7,"s:63:21:63:Infinity":12,"b:64:6:68:Infinity:66:13:68:Infinity":1,"s:64:6:68:Infinity":13,"s:65:8:65:Infinity":14,"s:67:8:67:Infinity":15,"s:69:6:69:Infinity":16,"f:71:15:71:21":8,"s:71:21:71:Infinity":17,"f:75:18:75:19":9,"s:75:29:75:Infinity":18,"f:77:17:77:18":10,"s:77:28:77:Infinity":19,"f:81:15:81:16":11,"s:81:25:81:Infinity":20,"f:85:18:85:Infinity":12,"s:86:4:86:Infinity":21,"f:86:8:86:9":13,"s:86:20:86:62":22,"f:90:15:90:16":14,"s:90:29:90:Infinity":23}}}
}
