TN:
SF:src/components/clean-dialog.tsx
FN:27,CleanDialog
FN:39,(anonymous_1)
FN:40,(anonymous_2)
FN:41,(anonymous_3)
FN:42,(anonymous_4)
FN:42,(anonymous_5)
FN:45,(anonymous_6)
FN:48,(anonymous_7)
FN:58,(anonymous_8)
FN:70,(anonymous_9)
FN:73,(anonymous_10)
FN:76,(anonymous_11)
FN:80,(anonymous_12)
FN:87,(anonymous_13)
FN:97,(anonymous_14)
FN:103,(anonymous_15)
FN:111,(anonymous_16)
FN:128,(anonymous_17)
FN:222,(anonymous_18)
FN:259,(anonymous_19)
FNF:20
FNH:4
FNDA:40,CleanDialog
FNDA:8,(anonymous_1)
FNDA:0,(anonymous_2)
FNDA:0,(anonymous_3)
FNDA:0,(anonymous_4)
FNDA:0,(anonymous_5)
FNDA:22,(anonymous_6)
FNDA:0,(anonymous_7)
FNDA:0,(anonymous_8)
FNDA:40,(anonymous_9)
FNDA:0,(anonymous_10)
FNDA:0,(anonymous_11)
FNDA:0,(anonymous_12)
FNDA:0,(anonymous_13)
FNDA:0,(anonymous_14)
FNDA:0,(anonymous_15)
FNDA:0,(anonymous_16)
FNDA:0,(anonymous_17)
FNDA:0,(anonymous_18)
FNDA:0,(anonymous_19)
DA:33,40
DA:34,40
DA:35,40
DA:36,40
DA:39,40
DA:40,40
DA:41,40
DA:42,40
DA:45,40
DA:46,22
DA:48,0
DA:49,0
DA:51,0
DA:53,0
DA:54,0
DA:56,0
DA:59,0
DA:60,0
DA:63,0
DA:64,0
DA:65,0
DA:70,40
DA:71,40
DA:73,0
DA:74,0
DA:76,0
DA:77,0
DA:80,0
DA:81,0
DA:82,0
DA:83,0
DA:87,0
DA:88,0
DA:89,0
DA:90,0
DA:91,0
DA:92,0
DA:94,0
DA:97,0
DA:98,0
DA:99,0
DA:100,0
DA:103,0
DA:104,0
DA:105,0
DA:106,0
DA:107,0
DA:111,40
DA:112,0
DA:113,0
DA:115,0
DA:116,0
DA:117,0
DA:118,0
DA:119,0
DA:120,0
DA:122,0
DA:123,0
DA:124,0
DA:128,40
DA:129,0
DA:130,0
DA:134,40
DA:223,0
DA:259,0
LF:65
LH:15
BRDA:46,0,0,0
BRDA:46,0,1,22
BRDA:51,1,0,0
BRDA:51,1,1,0
BRDA:71,2,0,40
BRDA:71,2,1,0
BRDA:76,3,0,0
BRDA:76,3,1,0
BRDA:76,4,0,0
BRDA:76,4,1,0
BRDA:82,5,0,0
BRDA:82,5,1,0
BRDA:82,6,0,0
BRDA:82,6,1,0
BRDA:91,7,0,0
BRDA:91,7,1,0
BRDA:111,8,0,0
BRDA:112,9,0,0
BRDA:112,9,1,0
BRDA:117,10,0,0
BRDA:117,10,1,0
BRDA:124,11,0,0
BRDA:124,11,1,0
BRDA:129,12,0,0
BRDA:129,12,1,0
BRDA:139,13,0,40
BRDA:139,13,1,40
BRDA:145,14,0,40
BRDA:145,14,1,0
BRDA:151,15,0,40
BRDA:151,15,1,0
BRDA:157,16,0,40
BRDA:157,16,1,0
BRDA:165,17,0,40
BRDA:165,17,1,40
BRDA:167,18,0,40
BRDA:167,18,1,0
BRDA:169,19,0,40
BRDA:169,19,1,0
BRDA:171,20,0,40
BRDA:171,20,1,0
BRDA:192,21,0,40
BRDA:192,21,1,0
BRDA:207,22,0,40
BRDA:207,22,1,0
BRDA:207,22,2,0
BRDA:213,23,0,0
BRDA:213,23,1,0
BRDA:227,24,0,0
BRDA:227,24,1,0
BRDA:246,25,0,40
BRDA:246,25,1,0
BRDA:246,25,2,0
BRDA:254,26,0,40
BRDA:254,26,1,40
BRDA:264,27,0,40
BRDA:264,27,1,0
BRDA:268,28,0,40
BRDA:268,28,1,40
BRDA:268,28,2,0
BRF:60
BRH:20
end_of_record
TN:
SF:src/components/toolbar.tsx
FN:12,Toolbar
FN:32,(anonymous_1)
FN:33,(anonymous_2)
FN:35,(anonymous_3)
FN:75,(anonymous_4)
FN:76,(anonymous_5)
FN:80,(anonymous_6)
FN:111,(anonymous_7)
FN:119,(anonymous_8)
FN:127,(anonymous_9)
FN:171,(anonymous_10)
FN:185,(anonymous_11)
FNF:12
FNH:8
FNDA:40,Toolbar
FNDA:15,(anonymous_1)
FNDA:8,(anonymous_2)
FNDA:2,(anonymous_3)
FNDA:1,(anonymous_4)
FNDA:2,(anonymous_5)
FNDA:0,(anonymous_6)
FNDA:0,(anonymous_7)
FNDA:1,(anonymous_8)
FNDA:0,(anonymous_9)
FNDA:0,(anonymous_10)
FNDA:10,(anonymous_11)
DA:13,40
DA:28,40
DA:29,40
DA:32,40
DA:33,40
DA:35,40
DA:36,2
DA:37,2
DA:39,2
DA:40,2
DA:41,2
DA:42,2
DA:44,0
DA:47,2
DA:57,2
DA:59,2
DA:64,0
DA:65,0
DA:71,2
DA:75,40
DA:76,2
DA:77,1
DA:80,40
DA:82,0
DA:85,0
DA:86,0
DA:87,0
DA:89,0
DA:94,0
DA:98,40
DA:111,0
DA:119,1
DA:127,0
DA:171,0
DA:185,10
LF:35
LH:23
BRDA:42,0,0,2
BRDA:42,0,1,0
BRDA:68,1,0,0
BRDA:68,1,1,0
BRDA:104,2,0,4
BRDA:104,2,1,36
BRDA:109,3,0,39
BRDA:109,3,1,1
BRDA:117,4,0,1
BRDA:117,4,1,39
BRDA:125,5,0,0
BRDA:125,5,1,40
BRDA:135,6,0,40
BRDA:135,6,1,10
BRDA:159,7,0,10
BRDA:159,7,1,5
BRDA:166,8,0,10
BRDA:166,8,1,5
BRF:18
BRH:14
end_of_record
TN:
SF:src/components/ui/button.tsx
FN:11,(anonymous_0)
FNF:1
FNH:1
FNDA:247,(anonymous_0)
DA:10,2
DA:12,247
DA:36,2
LF:3
LH:3
BRDA:11,0,0,247
BRDA:11,1,0,247
BRF:2
BRH:2
end_of_record
TN:
SF:src/components/ui/dialog.tsx
FN:17,(anonymous_0)
FN:32,(anonymous_1)
FN:53,(anonymous_2)
FN:67,(anonymous_3)
FN:84,(anonymous_4)
FN:99,(anonymous_5)
FNF:6
FNH:1
FNDA:0,(anonymous_0)
FNDA:40,(anonymous_1)
FNDA:0,(anonymous_2)
FNDA:0,(anonymous_3)
FNDA:0,(anonymous_4)
FNDA:0,(anonymous_5)
DA:6,1
DA:8,1
DA:10,1
DA:12,1
DA:14,1
DA:18,0
DA:27,1
DA:29,1
DA:33,40
DA:51,1
DA:53,1
DA:57,0
DA:65,1
DA:67,1
DA:71,0
DA:79,1
DA:81,1
DA:85,0
DA:94,1
DA:96,1
DA:100,0
DA:106,1
LF:22
LH:17
BRF:0
BRH:0
end_of_record
TN:
SF:src/components/ui/input.tsx
FN:8,(anonymous_0)
FNF:1
FNH:1
FNDA:40,(anonymous_0)
DA:7,1
DA:9,40
DA:22,1
LF:3
LH:3
BRF:0
BRH:0
end_of_record
TN:
SF:src/components/ui/scroll-area.tsx
FN:9,(anonymous_0)
FN:27,(anonymous_1)
FNF:2
FNH:0
FNDA:0,(anonymous_0)
FNDA:0,(anonymous_1)
DA:6,1
DA:10,0
DA:22,1
DA:24,1
DA:28,0
DA:44,1
LF:6
LH:4
BRDA:27,0,0,0
BRDA:33,1,0,0
BRDA:33,1,1,0
BRDA:35,2,0,0
BRDA:35,2,1,0
BRF:5
BRH:0
end_of_record
TN:
SF:src/lib/utils.ts
FN:4,cn
FN:8,formatBytes
FNF:2
FNH:2
FNDA:330,cn
FNDA:58,formatBytes
DA:5,330
DA:9,58
DA:11,22
DA:12,22
DA:13,58
DA:15,58
DA:17,58
LF:7
LH:7
BRDA:8,0,0,58
BRDA:9,1,0,36
BRDA:9,1,1,22
BRDA:12,2,0,0
BRDA:12,2,1,22
BRF:5
BRH:4
end_of_record
TN:
SF:src/store/ui-store.ts
FN:39,(anonymous_0)
FN:42,(anonymous_1)
FN:46,(anonymous_2)
FN:47,(anonymous_3)
FN:56,(anonymous_4)
FN:57,(anonymous_5)
FN:61,(anonymous_6)
FN:62,(anonymous_7)
FN:71,(anonymous_8)
FN:75,(anonymous_9)
FN:77,(anonymous_10)
FN:81,(anonymous_11)
FN:85,(anonymous_12)
FN:86,(anonymous_13)
FN:90,(anonymous_14)
FNF:15
FNH:15
FNDA:2,(anonymous_0)
FNDA:1,(anonymous_1)
FNDA:5,(anonymous_2)
FNDA:5,(anonymous_3)
FNDA:2,(anonymous_4)
FNDA:3,(anonymous_5)
FNDA:6,(anonymous_6)
FNDA:6,(anonymous_7)
FNDA:1,(anonymous_8)
FNDA:11,(anonymous_9)
FNDA:1,(anonymous_10)
FNDA:3,(anonymous_11)
FNDA:3,(anonymous_12)
FNDA:3,(anonymous_13)
FNDA:6,(anonymous_14)
DA:39,2
DA:42,1
DA:47,5
DA:48,5
DA:49,5
DA:50,1
DA:52,4
DA:54,5
DA:56,2
DA:57,3
DA:62,6
DA:63,6
DA:64,6
DA:65,1
DA:67,5
DA:69,6
DA:71,1
DA:75,11
DA:77,1
DA:81,3
DA:86,3
DA:90,6
LF:22
LH:22
BRDA:49,0,0,1
BRDA:49,0,1,4
BRDA:64,1,0,1
BRDA:64,1,1,5
BRF:4
BRH:4
end_of_record
